<?xml version="1.0" encoding="UTF-8"?>
<testsuite xmlns:xsi="http://www.w3.org/2001/XMLSchema-instance" xsi:noNamespaceSchemaLocation="https://maven.apache.org/surefire/maven-surefire-plugin/xsd/surefire-test-report-3.0.xsd" version="3.0" name="com.openinterview.Regression30ApiTest" time="0.605" tests="30" errors="0" skipped="0" failures="0">
  <properties>
[...]
</properties>
  <testcase name="case16_questionReviewNotFoundFail" classname="com.openinterview.Regression30ApiTest" time="0.036">
    <system-out><![CDATA[2026-03-30T09:43:57.025+08:00  INFO 2445 --- [interview-backend] [           main] t.c.s.AnnotationConfigContextLoaderUtils : Could not detect default configuration classes for test class [com.openinterview.Regression30ApiTest]: Regression30ApiTest does not declare any static, non-private, non-final, nested classes annotated with @Configuration.
2026-03-30T09:43:57.035+08:00  INFO 2445 --- [interview-backend] [           main] .b.t.c.SpringBootTestContextBootstrapper : Found @SpringBootConfiguration com.openinterview.InterviewBackendApplication for test class com.openinterview.Regression30ApiTest
]]></system-out>
  </testcase>
  <testcase name="case03_screenSuccess" classname="com.openinterview.Regression30ApiTest" time="0.022"/>
  <testcase name="case01_screenMissingIdemHeaderShouldFail" classname="com.openinterview.Regression30ApiTest" time="0.018"/>
  <testcase name="case10_screenResponseShouldContainEventMapping" classname="com.openinterview.Regression30ApiTest" time="0.01"/>
  <testcase name="case15_questionReviewIllegalTransitionFail" classname="com.openinterview.Regression30ApiTest" time="0.028"/>
  <testcase name="case12_questionGenerateMissingFieldFail" classname="com.openinterview.Regression30ApiTest" time="0.049"/>
  <testcase name="case30_traceBizErrorFieldsShouldExistInFailureResponse" classname="com.openinterview.Regression30ApiTest" time="0.012"/>
  <testcase name="case08_screenReviewIdempotentRepeat" classname="com.openinterview.Regression30ApiTest" time="0.033"/>
  <testcase name="case18_answerEvaluateEmptyAnswerFail" classname="com.openinterview.Regression30ApiTest" time="0.009"/>
  <testcase name="case13_questionGenerateIdempotentRepeat" classname="com.openinterview.Regression30ApiTest" time="0.008"/>
  <testcase name="case29_traceBizErrorFieldsShouldExistInSuccessResponse" classname="com.openinterview.Regression30ApiTest" time="0.015"/>
  <testcase name="case17_answerEvaluateSuccess" classname="com.openinterview.Regression30ApiTest" time="0.011"/>
  <testcase name="case24_exportTaskQuerySuccess" classname="com.openinterview.Regression30ApiTest" time="0.017"/>
  <testcase name="case02_screenMissingCandidateShouldFail" classname="com.openinterview.Regression30ApiTest" time="0.011"/>
  <testcase name="case07_screenReviewSuccess" classname="com.openinterview.Regression30ApiTest" time="0.014"/>
  <testcase name="case14_questionReviewSuccess" classname="com.openinterview.Regression30ApiTest" time="0.014"/>
  <testcase name="case19_answerEvaluateIdempotentRepeat" classname="com.openinterview.Regression30ApiTest" time="0.008"/>
  <testcase name="case21_exportScreeningSuccessType0" classname="com.openinterview.Regression30ApiTest" time="0.018"/>
  <testcase name="case23_exportWordSuccessType2" classname="com.openinterview.Regression30ApiTest" time="0.011"/>
  <testcase name="case04_screenIdempotentRepeatShouldReturnSameTaskCode" classname="com.openinterview.Regression30ApiTest" time="0.013"/>
  <testcase name="case05_screenResultShouldSuccess" classname="com.openinterview.Regression30ApiTest" time="0.008"/>
  <testcase name="case25_exportTaskNotFoundFail" classname="com.openinterview.Regression30ApiTest" time="0.004"/>
  <testcase name="case27_exportMissingInterviewIdsFail" classname="com.openinterview.Regression30ApiTest" time="0.008"/>
  <testcase name="case26_exportIdempotentRepeat" classname="com.openinterview.Regression30ApiTest" time="0.007"/>
  <testcase name="case22_exportExcelSuccessType1" classname="com.openinterview.Regression30ApiTest" time="0.008"/>
  <testcase name="case06_screenResultNotFoundShouldFail" classname="com.openinterview.Regression30ApiTest" time="0.004"/>
  <testcase name="case20_answerEvaluateMissingIdemFail" classname="com.openinterview.Regression30ApiTest" time="0.003"/>
  <testcase name="case11_questionGenerateSuccess" classname="com.openinterview.Regression30ApiTest" time="0.006"/>
  <testcase name="case28_eventsEvidenceShouldContainMqEvents" classname="com.openinterview.Regression30ApiTest" time="0.018"/>
  <testcase name="case09_screenReviewMissingCommentFail" classname="com.openinterview.Regression30ApiTest" time="0.005"/>
</testsuite>