<?xml version="1.0" encoding="UTF-8"?>
<testsuite xmlns:xsi="http://www.w3.org/2001/XMLSchema-instance" xsi:noNamespaceSchemaLocation="https://maven.apache.org/surefire/maven-surefire-plugin/xsd/surefire-test-report-3.0.xsd" version="3.0" name="com.openinterview.ContractBaselineApiTest" time="4.595" tests="3" errors="0" skipped="0" failures="0">
  <properties>
[...]
</properties>
  <testcase name="screenAndResultShouldContainEventMappingAndTrace" classname="com.openinterview.ContractBaselineApiTest" time="1.238">
    <system-out><![CDATA[09:43:52.580 [main] INFO org.springframework.test.context.support.AnnotationConfigContextLoaderUtils -- Could not detect default configuration classes for test class [com.openinterview.ContractBaselineApiTest]: ContractBaselineApiTest does not declare any static, non-private, non-final, nested classes annotated with @Configuration.
09:43:52.704 [main] INFO org.springframework.boot.test.context.SpringBootTestContextBootstrapper -- Found @SpringBootConfiguration com.openinterview.InterviewBackendApplication for test class com.openinterview.ContractBaselineApiTest

  .   ____          _            __ _ _
 /\\ / ___'_ __ _ _(_)_ __  __ _ \ \ \ \
( ( )\___ | '_ | '_| | '_ \/ _` | \ \ \ \
 \\/  ___)| |_)| | | | | || (_| |  ) ) ) )
  '  |____| .__|_| |_|_| |_\__, | / / / /
 =========|_|==============|___/=/_/_/_/
 :: Spring Boot ::                (v3.2.5)

2026-03-30T09:43:53.346+08:00  INFO 2445 --- [interview-backend] [           main] c.openinterview.ContractBaselineApiTest  : Starting ContractBaselineApiTest using Java 17.0.16 with PID 2445 (started by zhangyue in /Users/zhangyue/IdeaProjects/openInterview/backend)
2026-03-30T09:43:53.348+08:00  INFO 2445 --- [interview-backend] [           main] c.openinterview.ContractBaselineApiTest  : No active profile set, falling back to 1 default profile: "default"
2026-03-30T09:43:55.538+08:00  INFO 2445 --- [interview-backend] [           main] o.s.b.t.m.w.SpringBootMockServletContext : Initializing Spring TestDispatcherServlet ''
2026-03-30T09:43:55.538+08:00  INFO 2445 --- [interview-backend] [           main] o.s.t.web.servlet.TestDispatcherServlet  : Initializing Servlet ''
2026-03-30T09:43:55.539+08:00  INFO 2445 --- [interview-backend] [           main] o.s.t.web.servlet.TestDispatcherServlet  : Completed initialization in 1 ms
2026-03-30T09:43:55.565+08:00  INFO 2445 --- [interview-backend] [           main] c.openinterview.ContractBaselineApiTest  : Started ContractBaselineApiTest in 2.59 seconds (process running for 3.768)
]]></system-out>
  </testcase>
  <testcase name="exportTaskShouldUseUnifiedExportType" classname="com.openinterview.ContractBaselineApiTest" time="0.111"/>
  <testcase name="writeApiMissingIdempotencyHeaderShouldFail" classname="com.openinterview.ContractBaselineApiTest" time="0.04"/>
</testsuite>